# JRE version: Java(TM) SE Runtime Environment (8.0_301-b09) (build 1.8.0_301-b09)
# Java VM: Java HotSpot(TM) 64-Bit Server VM (25.301-b09 mixed mode bsd-amd64 compressed oops)
Heap:
 PSYoungGen      total 76288K, used 41008K [0x000000076ab00000, 0x0000000771f80000, 0x00000007c0000000)
  eden space 65536K, 46% used [0x000000076ab00000,0x000000076c892bf8,0x000000076eb00000)
  from space 10752K, 99% used [0x000000076eb00000,0x000000076f5796b8,0x000000076f580000)
  to   space 10752K, 0% used [0x0000000771500000,0x0000000771500000,0x0000000771f80000)
 ParOldGen       total 118784K, used 9856K [0x00000006c0000000, 0x00000006c7400000, 0x000000076ab00000)
  object space 118784K, 8% used [0x00000006c0000000,0x00000006c09a0380,0x00000006c7400000)
 Metaspace       used 28692K, capacity 30572K, committed 30848K, reserved 1075200K
  class space    used 3776K, capacity 4121K, committed 4224K, reserved 1048576K
GC Heap History (8 events):
Event: 1.238 GC heap before
{Heap before GC invocations=1 (full 0):
 PSYoungGen      total 76288K, used 65536K [0x000000076ab00000, 0x0000000770000000, 0x00000007c0000000)
  eden space 65536K, 100% used [0x000000076ab00000,0x000000076eb00000,0x000000076eb00000)
  from space 10752K, 0% used [0x000000076f580000,0x000000076f580000,0x0000000770000000)
  to   space 10752K, 0% used [0x000000076eb00000,0x000000076eb00000,0x000000076f580000)
 ParOldGen       total 175104K, used 0K [0x00000006c0000000, 0x00000006cab00000, 0x000000076ab00000)
  object space 175104K, 0% used [0x00000006c0000000,0x00000006c0000000,0x00000006cab00000)
 Metaspace       used 15925K, capacity 16744K, committed 16896K, reserved 1062912K
  class space    used 2315K, capacity 2499K, committed 2560K, reserved 1048576K
Event: 1.244 GC heap after
Heap after GC invocations=1 (full 0):
 PSYoungGen      total 76288K, used 5888K [0x000000076ab00000, 0x0000000770000000, 0x00000007c0000000)
  eden space 65536K, 0% used [0x000000076ab00000,0x000000076ab00000,0x000000076eb00000)
  from space 10752K, 54% used [0x000000076eb00000,0x000000076f0c0020,0x000000076f580000)
  to   space 10752K, 0% used [0x000000076f580000,0x000000076f580000,0x0000000770000000)
 ParOldGen       total 175104K, used 88K [0x00000006c0000000, 0x00000006cab00000, 0x000000076ab00000)
  object space 175104K, 0% used [0x00000006c0000000,0x00000006c0016010,0x00000006cab00000)
 Metaspace       used 15925K, capacity 16744K, committed 16896K, reserved 1062912K
  class space    used 2315K, capacity 2499K, committed 2560K, reserved 1048576K
}
Event: 3.160 GC heap before
{Heap before GC invocations=2 (full 0):
 PSYoungGen      total 76288K, used 25030K [0x000000076ab00000, 0x0000000770000000, 0x00000007c0000000)
  eden space 65536K, 29% used [0x000000076ab00000,0x000000076bdb17e0,0x000000076eb00000)
  from space 10752K, 54% used [0x000000076eb00000,0x000000076f0c0020,0x000000076f580000)
  to   space 10752K, 0% used [0x000000076f580000,0x000000076f580000,0x0000000770000000)
 ParOldGen       total 175104K, used 88K [0x00000006c0000000, 0x00000006cab00000, 0x000000076ab00000)
  object space 175104K, 0% used [0x00000006c0000000,0x00000006c0016010,0x00000006cab00000)
 Metaspace       used 20138K, capacity 21172K, committed 21296K, reserved 1067008K
  class space    used 2877K, capacity 3135K, committed 3200K, reserved 1048576K
Event: 3.165 GC heap after
Heap after GC invocations=2 (full 0):
 PSYoungGen      total 76288K, used 9824K [0x000000076ab00000, 0x0000000770000000, 0x00000007c0000000)
  eden space 65536K, 0% used [0x000000076ab00000,0x000000076ab00000,0x000000076eb00000)
  from space 10752K, 91% used [0x000000076f580000,0x000000076ff183d8,0x0000000770000000)
  to   space 10752K, 0% used [0x000000076eb00000,0x000000076eb00000,0x000000076f580000)
 ParOldGen       total 175104K, used 96K [0x00000006c0000000, 0x00000006cab00000, 0x000000076ab00000)
  object space 175104K, 0% used [0x00000006c0000000,0x00000006c0018010,0x00000006cab00000)
 Metaspace       used 20138K, capacity 21172K, committed 21296K, reserved 1067008K
  class space    used 2877K, capacity 3135K, committed 3200K, reserved 1048576K
}
Event: 3.165 GC heap before
{Heap before GC invocations=3 (full 1):
 PSYoungGen      total 76288K, used 9824K [0x000000076ab00000, 0x0000000770000000, 0x00000007c0000000)
  eden space 65536K, 0% used [0x000000076ab00000,0x000000076ab00000,0x000000076eb00000)
  from space 10752K, 91% used [0x000000076f580000,0x000000076ff183d8,0x0000000770000000)
  to   space 10752K, 0% used [0x000000076eb00000,0x000000076eb00000,0x000000076f580000)
 ParOldGen       total 175104K, used 96K [0x00000006c0000000, 0x00000006cab00000, 0x000000076ab00000)
  object space 175104K, 0% used [0x00000006c0000000,0x00000006c0018010,0x00000006cab00000)
 Metaspace       used 20138K, capacity 21172K, committed 21296K, reserved 1067008K
  class space    used 2877K, capacity 3135K, committed 3200K, reserved 1048576K
Event: 3.187 GC heap after
Heap after GC invocations=3 (full 1):
 PSYoungGen      total 76288K, used 0K [0x000000076ab00000, 0x0000000770000000, 0x00000007c0000000)
  eden space 65536K, 0% used [0x000000076ab00000,0x000000076ab00000,0x000000076eb00000)
  from space 10752K, 0% used [0x000000076f580000,0x000000076f580000,0x0000000770000000)
  to   space 10752K, 0% used [0x000000076eb00000,0x000000076eb00000,0x000000076f580000)
 ParOldGen       total 118784K, used 9134K [0x00000006c0000000, 0x00000006c7400000, 0x000000076ab00000)
  object space 118784K, 7% used [0x00000006c0000000,0x00000006c08eb9e8,0x00000006c7400000)
 Metaspace       used 20138K, capacity 21172K, committed 21296K, reserved 1067008K
  class space    used 2877K, capacity 3135K, committed 3200K, reserved 1048576K
}
Event: 3.841 GC heap before
{Heap before GC invocations=4 (full 1):
 PSYoungGen      total 76288K, used 63574K [0x000000076ab00000, 0x0000000770000000, 0x00000007c0000000)
  eden space 65536K, 97% used [0x000000076ab00000,0x000000076e9159c8,0x000000076eb00000)
  from space 10752K, 0% used [0x000000076f580000,0x000000076f580000,0x0000000770000000)
  to   space 10752K, 0% used [0x000000076eb00000,0x000000076eb00000,0x000000076f580000)
 ParOldGen       total 118784K, used 9134K [0x00000006c0000000, 0x00000006c7400000, 0x000000076ab00000)
  object space 118784K, 7% used [0x00000006c0000000,0x00000006c08eb9e8,0x00000006c7400000)
 Metaspace       used 27006K, capacity 28764K, committed 28928K, reserved 1075200K
  class space    used 3655K, capacity 3997K, committed 4096K, reserved 1048576K
Event: 3.850 GC heap after
Heap after GC invocations=4 (full 1):
 PSYoungGen      total 76288K, used 10725K [0x000000076ab00000, 0x0000000771f80000, 0x00000007c0000000)
  eden space 65536K, 0% used [0x000000076ab00000,0x000000076ab00000,0x000000076eb00000)
  from space 10752K, 99% used [0x000000076eb00000,0x000000076f5796b8,0x000000076f580000)
  to   space 10752K, 0% used [0x0000000771500000,0x0000000771500000,0x0000000771f80000)
 ParOldGen       total 118784K, used 9856K [0x00000006c0000000, 0x00000006c7400000, 0x000000076ab00000)
  object space 118784K, 8% used [0x00000006c0000000,0x00000006c09a0380,0x00000006c7400000)
 Metaspace       used 27006K, capacity 28764K, committed 28928K, reserved 1075200K
  class space    used 3655K, capacity 3997K, committed 4096K, reserved 1048576K
}

