# JRE version: Java(TM) SE Runtime Environment (8.0_301-b09) (build 1.8.0_301-b09)
# Java VM: Java HotSpot(TM) 64-Bit Server VM (25.301-b09 mixed mode bsd-amd64 compressed oops)
Heap:
 PSYoungGen      total 74752K, used 56380K [0x000000076ab00000, 0x0000000772180000, 0x00000007c0000000)
  eden space 64000K, 71% used [0x000000076ab00000,0x000000076d78f328,0x000000076e980000)
  from space 10752K, 100% used [0x000000076eb00000,0x000000076f580000,0x000000076f580000)
  to   space 28672K, 0% used [0x0000000770580000,0x0000000770580000,0x0000000772180000)
 ParOldGen       total 78848K, used 36585K [0x00000006c0000000, 0x00000006c4d00000, 0x000000076ab00000)
  object space 78848K, 46% used [0x00000006c0000000,0x00000006c23ba600,0x00000006c4d00000)
 Metaspace       used 30905K, capacity 32986K, committed 33152K, reserved 1077248K
  class space    used 3969K, capacity 4368K, committed 4480K, reserved 1048576K
GC Heap History (10 events):
Event: 3.781 GC heap before
{Heap before GC invocations=2 (full 0):
 PSYoungGen      total 76288K, used 26292K [0x000000076ab00000, 0x0000000770000000, 0x00000007c0000000)
  eden space 65536K, 31% used [0x000000076ab00000,0x000000076bef50a8,0x000000076eb00000)
  from space 10752K, 54% used [0x000000076eb00000,0x000000076f0b8040,0x000000076f580000)
  to   space 10752K, 0% used [0x000000076f580000,0x000000076f580000,0x0000000770000000)
 ParOldGen       total 175104K, used 88K [0x00000006c0000000, 0x00000006cab00000, 0x000000076ab00000)
  object space 175104K, 0% used [0x00000006c0000000,0x00000006c0016010,0x00000006cab00000)
 Metaspace       used 20181K, capacity 21208K, committed 21296K, reserved 1067008K
  class space    used 2864K, capacity 3125K, committed 3200K, reserved 1048576K
Event: 3.787 GC heap after
Heap after GC invocations=2 (full 0):
 PSYoungGen      total 76288K, used 10666K [0x000000076ab00000, 0x0000000770000000, 0x00000007c0000000)
  eden space 65536K, 0% used [0x000000076ab00000,0x000000076ab00000,0x000000076eb00000)
  from space 10752K, 99% used [0x000000076f580000,0x000000076ffeabe8,0x0000000770000000)
  to   space 10752K, 0% used [0x000000076eb00000,0x000000076eb00000,0x000000076f580000)
 ParOldGen       total 175104K, used 2144K [0x00000006c0000000, 0x00000006cab00000, 0x000000076ab00000)
  object space 175104K, 1% used [0x00000006c0000000,0x00000006c0218020,0x00000006cab00000)
 Metaspace       used 20181K, capacity 21208K, committed 21296K, reserved 1067008K
  class space    used 2864K, capacity 3125K, committed 3200K, reserved 1048576K
}
Event: 3.787 GC heap before
{Heap before GC invocations=3 (full 1):
 PSYoungGen      total 76288K, used 10666K [0x000000076ab00000, 0x0000000770000000, 0x00000007c0000000)
  eden space 65536K, 0% used [0x000000076ab00000,0x000000076ab00000,0x000000076eb00000)
  from space 10752K, 99% used [0x000000076f580000,0x000000076ffeabe8,0x0000000770000000)
  to   space 10752K, 0% used [0x000000076eb00000,0x000000076eb00000,0x000000076f580000)
 ParOldGen       total 175104K, used 2144K [0x00000006c0000000, 0x00000006cab00000, 0x000000076ab00000)
  object space 175104K, 1% used [0x00000006c0000000,0x00000006c0218020,0x00000006cab00000)
 Metaspace       used 20181K, capacity 21208K, committed 21296K, reserved 1067008K
  class space    used 2864K, capacity 3125K, committed 3200K, reserved 1048576K
Event: 3.809 GC heap after
Heap after GC invocations=3 (full 1):
 PSYoungGen      total 76288K, used 0K [0x000000076ab00000, 0x0000000770000000, 0x00000007c0000000)
  eden space 65536K, 0% used [0x000000076ab00000,0x000000076ab00000,0x000000076eb00000)
  from space 10752K, 0% used [0x000000076f580000,0x000000076f580000,0x0000000770000000)
  to   space 10752K, 0% used [0x000000076eb00000,0x000000076eb00000,0x000000076f580000)
 ParOldGen       total 78848K, used 10581K [0x00000006c0000000, 0x00000006c4d00000, 0x000000076ab00000)
  object space 78848K, 13% used [0x00000006c0000000,0x00000006c0a55738,0x00000006c4d00000)
 Metaspace       used 20181K, capacity 21208K, committed 21296K, reserved 1067008K
  class space    used 2864K, capacity 3125K, committed 3200K, reserved 1048576K
}
Event: 5.716 GC heap before
{Heap before GC invocations=4 (full 1):
 PSYoungGen      total 76288K, used 65536K [0x000000076ab00000, 0x0000000770000000, 0x00000007c0000000)
  eden space 65536K, 100% used [0x000000076ab00000,0x000000076eb00000,0x000000076eb00000)
  from space 10752K, 0% used [0x000000076f580000,0x000000076f580000,0x0000000770000000)
  to   space 10752K, 0% used [0x000000076eb00000,0x000000076eb00000,0x000000076f580000)
 ParOldGen       total 78848K, used 10581K [0x00000006c0000000, 0x00000006c4d00000, 0x000000076ab00000)
  object space 78848K, 13% used [0x00000006c0000000,0x00000006c0a55738,0x00000006c4d00000)
 Metaspace       used 27718K, capacity 29602K, committed 29824K, reserved 1075200K
  class space    used 3754K, capacity 4104K, committed 4224K, reserved 1048576K
Event: 5.723 GC heap after
Heap after GC invocations=4 (full 1):
 PSYoungGen      total 76288K, used 10747K [0x000000076ab00000, 0x0000000770000000, 0x00000007c0000000)
  eden space 65536K, 0% used [0x000000076ab00000,0x000000076ab00000,0x000000076eb00000)
  from space 10752K, 99% used [0x000000076eb00000,0x000000076f57eea8,0x000000076f580000)
  to   space 10752K, 0% used [0x000000076f580000,0x000000076f580000,0x0000000770000000)
 ParOldGen       total 78848K, used 12191K [0x00000006c0000000, 0x00000006c4d00000, 0x000000076ab00000)
  object space 78848K, 15% used [0x00000006c0000000,0x00000006c0be7f10,0x00000006c4d00000)
 Metaspace       used 27718K, capacity 29602K, committed 29824K, reserved 1075200K
  class space    used 3754K, capacity 4104K, committed 4224K, reserved 1048576K
}
Event: 14.193 GC heap before
{Heap before GC invocations=5 (full 1):
 PSYoungGen      total 76288K, used 76283K [0x000000076ab00000, 0x0000000770000000, 0x00000007c0000000)
  eden space 65536K, 100% used [0x000000076ab00000,0x000000076eb00000,0x000000076eb00000)
  from space 10752K, 99% used [0x000000076eb00000,0x000000076f57eea8,0x000000076f580000)
  to   space 10752K, 0% used [0x000000076f580000,0x000000076f580000,0x0000000770000000)
 ParOldGen       total 78848K, used 12191K [0x00000006c0000000, 0x00000006c4d00000, 0x000000076ab00000)
  object space 78848K, 15% used [0x00000006c0000000,0x00000006c0be7f10,0x00000006c4d00000)
 Metaspace       used 29175K, capacity 31162K, committed 31488K, reserved 1077248K
  class space    used 3829K, capacity 4236K, committed 4352K, reserved 1048576K
Event: 14.206 GC heap after
Heap after GC invocations=5 (full 1):
 PSYoungGen      total 76288K, used 10748K [0x000000076ab00000, 0x0000000770000000, 0x00000007c0000000)
  eden space 65536K, 0% used [0x000000076ab00000,0x000000076ab00000,0x000000076eb00000)
  from space 10752K, 99% used [0x000000076f580000,0x000000076ffff038,0x0000000770000000)
  to   space 10752K, 0% used [0x000000076eb00000,0x000000076eb00000,0x000000076f580000)
 ParOldGen       total 78848K, used 26327K [0x00000006c0000000, 0x00000006c4d00000, 0x000000076ab00000)
  object space 78848K, 33% used [0x00000006c0000000,0x00000006c19b5fa0,0x00000006c4d00000)
 Metaspace       used 29175K, capacity 31162K, committed 31488K, reserved 1077248K
  class space    used 3829K, capacity 4236K, committed 4352K, reserved 1048576K
}
Event: 21.558 GC heap before
{Heap before GC invocations=6 (full 1):
 PSYoungGen      total 76288K, used 76284K [0x000000076ab00000, 0x0000000770000000, 0x00000007c0000000)
  eden space 65536K, 100% used [0x000000076ab00000,0x000000076eb00000,0x000000076eb00000)
  from space 10752K, 99% used [0x000000076f580000,0x000000076ffff038,0x0000000770000000)
  to   space 10752K, 0% used [0x000000076eb00000,0x000000076eb00000,0x000000076f580000)
 ParOldGen       total 78848K, used 26327K [0x00000006c0000000, 0x00000006c4d00000, 0x000000076ab00000)
  object space 78848K, 33% used [0x00000006c0000000,0x00000006c19b5fa0,0x00000006c4d00000)
 Metaspace       used 30555K, capacity 32558K, committed 32768K, reserved 1077248K
  class space    used 3955K, capacity 4350K, committed 4352K, reserved 1048576K
Event: 21.572 GC heap after
Heap after GC invocations=6 (full 1):
 PSYoungGen      total 74752K, used 10752K [0x000000076ab00000, 0x0000000772180000, 0x00000007c0000000)
  eden space 64000K, 0% used [0x000000076ab00000,0x000000076ab00000,0x000000076e980000)
  from space 10752K, 100% used [0x000000076eb00000,0x000000076f580000,0x000000076f580000)
  to   space 28672K, 0% used [0x0000000770580000,0x0000000770580000,0x0000000772180000)
 ParOldGen       total 78848K, used 36585K [0x00000006c0000000, 0x00000006c4d00000, 0x000000076ab00000)
  object space 78848K, 46% used [0x00000006c0000000,0x00000006c23ba600,0x00000006c4d00000)
 Metaspace       used 30555K, capacity 32558K, committed 32768K, reserved 1077248K
  class space    used 3955K, capacity 4350K, committed 4352K, reserved 1048576K
}

