# JRE version: Java(TM) SE Runtime Environment (8.0_301-b09) (build 1.8.0_301-b09)
# Java VM: Java HotSpot(TM) 64-Bit Server VM (25.301-b09 mixed mode bsd-amd64 compressed oops)
Heap:
 PSYoungGen      total 112640K, used 63695K [0x000000076ab00000, 0x0000000773700000, 0x00000007c0000000)
  eden space 87040K, 60% used [0x000000076ab00000,0x000000076de53e28,0x0000000770000000)
  from space 25600K, 43% used [0x0000000771e00000,0x00000007728e0000,0x0000000773700000)
  to   space 28160K, 0% used [0x0000000770000000,0x0000000770000000,0x0000000771b80000)
 ParOldGen       total 118272K, used 37301K [0x00000006c0000000, 0x00000006c7380000, 0x000000076ab00000)
  object space 118272K, 31% used [0x00000006c0000000,0x00000006c246d6e8,0x00000006c7380000)
 Metaspace       used 31275K, capacity 33404K, committed 33664K, reserved 1079296K
  class space    used 3970K, capacity 4377K, committed 4480K, reserved 1048576K
GC Heap History (10 events):
Event: 3.022 GC heap before
{Heap before GC invocations=3 (full 1):
 PSYoungGen      total 76288K, used 10666K [0x000000076ab00000, 0x0000000770000000, 0x00000007c0000000)
  eden space 65536K, 0% used [0x000000076ab00000,0x000000076ab00000,0x000000076eb00000)
  from space 10752K, 99% used [0x000000076f580000,0x000000076ffeabe8,0x0000000770000000)
  to   space 10752K, 0% used [0x000000076eb00000,0x000000076eb00000,0x000000076f580000)
 ParOldGen       total 175104K, used 2144K [0x00000006c0000000, 0x00000006cab00000, 0x000000076ab00000)
  object space 175104K, 1% used [0x00000006c0000000,0x00000006c0218020,0x00000006cab00000)
 Metaspace       used 20196K, capacity 21208K, committed 21296K, reserved 1067008K
  class space    used 2862K, capacity 3125K, committed 3200K, reserved 1048576K
Event: 3.043 GC heap after
Heap after GC invocations=3 (full 1):
 PSYoungGen      total 76288K, used 0K [0x000000076ab00000, 0x0000000770000000, 0x00000007c0000000)
  eden space 65536K, 0% used [0x000000076ab00000,0x000000076ab00000,0x000000076eb00000)
  from space 10752K, 0% used [0x000000076f580000,0x000000076f580000,0x0000000770000000)
  to   space 10752K, 0% used [0x000000076eb00000,0x000000076eb00000,0x000000076f580000)
 ParOldGen       total 118272K, used 10586K [0x00000006c0000000, 0x00000006c7380000, 0x000000076ab00000)
  object space 118272K, 8% used [0x00000006c0000000,0x00000006c0a56948,0x00000006c7380000)
 Metaspace       used 20196K, capacity 21208K, committed 21296K, reserved 1067008K
  class space    used 2862K, capacity 3125K, committed 3200K, reserved 1048576K
}
Event: 4.958 GC heap before
{Heap before GC invocations=4 (full 1):
 PSYoungGen      total 76288K, used 65536K [0x000000076ab00000, 0x0000000770000000, 0x00000007c0000000)
  eden space 65536K, 100% used [0x000000076ab00000,0x000000076eb00000,0x000000076eb00000)
  from space 10752K, 0% used [0x000000076f580000,0x000000076f580000,0x0000000770000000)
  to   space 10752K, 0% used [0x000000076eb00000,0x000000076eb00000,0x000000076f580000)
 ParOldGen       total 118272K, used 10586K [0x00000006c0000000, 0x00000006c7380000, 0x000000076ab00000)
  object space 118272K, 8% used [0x00000006c0000000,0x00000006c0a56948,0x00000006c7380000)
 Metaspace       used 27358K, capacity 29212K, committed 29440K, reserved 1075200K
  class space    used 3704K, capacity 4057K, committed 4096K, reserved 1048576K
Event: 4.970 GC heap after
Heap after GC invocations=4 (full 1):
 PSYoungGen      total 76288K, used 10730K [0x000000076ab00000, 0x0000000771b00000, 0x00000007c0000000)
  eden space 65536K, 0% used [0x000000076ab00000,0x000000076ab00000,0x000000076eb00000)
  from space 10752K, 99% used [0x000000076eb00000,0x000000076f57a998,0x000000076f580000)
  to   space 10752K, 0% used [0x0000000771080000,0x0000000771080000,0x0000000771b00000)
 ParOldGen       total 118272K, used 11919K [0x00000006c0000000, 0x00000006c7380000, 0x000000076ab00000)
  object space 118272K, 10% used [0x00000006c0000000,0x00000006c0ba3d90,0x00000006c7380000)
 Metaspace       used 27358K, capacity 29212K, committed 29440K, reserved 1075200K
  class space    used 3704K, capacity 4057K, committed 4096K, reserved 1048576K
}
Event: 14.343 GC heap before
{Heap before GC invocations=5 (full 1):
 PSYoungGen      total 76288K, used 76266K [0x000000076ab00000, 0x0000000771b00000, 0x00000007c0000000)
  eden space 65536K, 100% used [0x000000076ab00000,0x000000076eb00000,0x000000076eb00000)
  from space 10752K, 99% used [0x000000076eb00000,0x000000076f57a998,0x000000076f580000)
  to   space 10752K, 0% used [0x0000000771080000,0x0000000771080000,0x0000000771b00000)
 ParOldGen       total 118272K, used 11919K [0x00000006c0000000, 0x00000006c7380000, 0x000000076ab00000)
  object space 118272K, 10% used [0x00000006c0000000,0x00000006c0ba3d90,0x00000006c7380000)
 Metaspace       used 29261K, capacity 31322K, committed 31488K, reserved 1077248K
  class space    used 3838K, capacity 4244K, committed 4352K, reserved 1048576K
Event: 14.360 GC heap after
Heap after GC invocations=5 (full 1):
 PSYoungGen      total 101376K, used 10752K [0x000000076ab00000, 0x0000000771b00000, 0x00000007c0000000)
  eden space 90624K, 0% used [0x000000076ab00000,0x000000076ab00000,0x0000000770380000)
  from space 10752K, 100% used [0x0000000771080000,0x0000000771b00000,0x0000000771b00000)
  to   space 10752K, 0% used [0x0000000770600000,0x0000000770600000,0x0000000771080000)
 ParOldGen       total 118272K, used 26454K [0x00000006c0000000, 0x00000006c7380000, 0x000000076ab00000)
  object space 118272K, 22% used [0x00000006c0000000,0x00000006c19d5918,0x00000006c7380000)
 Metaspace       used 29261K, capacity 31322K, committed 31488K, reserved 1077248K
  class space    used 3838K, capacity 4244K, committed 4352K, reserved 1048576K
}
Event: 41.922 GC heap before
{Heap before GC invocations=6 (full 1):
 PSYoungGen      total 101376K, used 101376K [0x000000076ab00000, 0x0000000771b00000, 0x00000007c0000000)
  eden space 90624K, 100% used [0x000000076ab00000,0x0000000770380000,0x0000000770380000)
  from space 10752K, 100% used [0x0000000771080000,0x0000000771b00000,0x0000000771b00000)
  to   space 10752K, 0% used [0x0000000770600000,0x0000000770600000,0x0000000771080000)
 ParOldGen       total 118272K, used 26454K [0x00000006c0000000, 0x00000006c7380000, 0x000000076ab00000)
  object space 118272K, 22% used [0x00000006c0000000,0x00000006c19d5918,0x00000006c7380000)
 Metaspace       used 30795K, capacity 32952K, committed 33152K, reserved 1077248K
  class space    used 3966K, capacity 4377K, committed 4480K, reserved 1048576K
Event: 41.939 GC heap after
Heap after GC invocations=6 (full 1):
 PSYoungGen      total 99328K, used 10752K [0x000000076ab00000, 0x0000000773a80000, 0x00000007c0000000)
  eden space 88576K, 0% used [0x000000076ab00000,0x000000076ab00000,0x0000000770180000)
  from space 10752K, 100% used [0x0000000770600000,0x0000000771080000,0x0000000771080000)
  to   space 29184K, 0% used [0x0000000771e00000,0x0000000771e00000,0x0000000773a80000)
 ParOldGen       total 118272K, used 37293K [0x00000006c0000000, 0x00000006c7380000, 0x000000076ab00000)
  object space 118272K, 31% used [0x00000006c0000000,0x00000006c246b6e8,0x00000006c7380000)
 Metaspace       used 30795K, capacity 32952K, committed 33152K, reserved 1077248K
  class space    used 3966K, capacity 4377K, committed 4480K, reserved 1048576K
}
Event: 90.060 GC heap before
{Heap before GC invocations=7 (full 1):
 PSYoungGen      total 99328K, used 99328K [0x000000076ab00000, 0x0000000773a80000, 0x00000007c0000000)
  eden space 88576K, 100% used [0x000000076ab00000,0x0000000770180000,0x0000000770180000)
  from space 10752K, 100% used [0x0000000770600000,0x0000000771080000,0x0000000771080000)
  to   space 29184K, 0% used [0x0000000771e00000,0x0000000771e00000,0x0000000773a80000)
 ParOldGen       total 118272K, used 37293K [0x00000006c0000000, 0x00000006c7380000, 0x000000076ab00000)
  object space 118272K, 31% used [0x00000006c0000000,0x00000006c246b6e8,0x00000006c7380000)
 Metaspace       used 31165K, capacity 33276K, committed 33408K, reserved 1079296K
  class space    used 3970K, capacity 4377K, committed 4480K, reserved 1048576K
Event: 90.073 GC heap after
Heap after GC invocations=7 (full 1):
 PSYoungGen      total 112640K, used 11136K [0x000000076ab00000, 0x0000000773700000, 0x00000007c0000000)
  eden space 87040K, 0% used [0x000000076ab00000,0x000000076ab00000,0x0000000770000000)
  from space 25600K, 43% used [0x0000000771e00000,0x00000007728e0000,0x0000000773700000)
  to   space 28160K, 0% used [0x0000000770000000,0x0000000770000000,0x0000000771b80000)
 ParOldGen       total 118272K, used 37301K [0x00000006c0000000, 0x00000006c7380000, 0x000000076ab00000)
  object space 118272K, 31% used [0x00000006c0000000,0x00000006c246d6e8,0x00000006c7380000)
 Metaspace       used 31165K, capacity 33276K, committed 33408K, reserved 1079296K
  class space    used 3970K, capacity 4377K, committed 4480K, reserved 1048576K
}

