# JRE version: Java(TM) SE Runtime Environment (8.0_301-b09) (build 1.8.0_301-b09)
# Java VM: Java HotSpot(TM) 64-Bit Server VM (25.301-b09 mixed mode bsd-amd64 compressed oops)
Heap:
 PSYoungGen      total 85504K, used 51515K [0x000000076ab00000, 0x0000000771c80000, 0x00000007c0000000)
  eden space 74240K, 54% used [0x000000076ab00000,0x000000076d25ee18,0x000000076f380000)
  from space 11264K, 99% used [0x000000076f480000,0x000000076ff70000,0x000000076ff80000)
  to   space 20992K, 0% used [0x0000000770800000,0x0000000770800000,0x0000000771c80000)
 ParOldGen       total 124416K, used 35010K [0x00000006c0000000, 0x00000006c7980000, 0x000000076ab00000)
  object space 124416K, 28% used [0x00000006c0000000,0x00000006c2230858,0x00000006c7980000)
 Metaspace       used 31113K, capacity 33134K, committed 33280K, reserved 1079296K
  class space    used 3924K, capacity 4296K, committed 4352K, reserved 1048576K
GC Heap History (10 events):
Event: 230.584 GC heap before
{Heap before GC invocations=10 (full 1):
 PSYoungGen      total 99840K, used 92448K [0x000000076ab00000, 0x0000000772a80000, 0x00000007c0000000)
  eden space 81408K, 100% used [0x000000076ab00000,0x000000076fa80000,0x000000076fa80000)
  from space 18432K, 59% used [0x0000000771880000,0x0000000772348000,0x0000000772a80000)
  to   space 24576K, 0% used [0x000000076fa80000,0x000000076fa80000,0x0000000771280000)
 ParOldGen       total 124416K, used 34970K [0x00000006c0000000, 0x00000006c7980000, 0x000000076ab00000)
  object space 124416K, 28% used [0x00000006c0000000,0x00000006c2226858,0x00000006c7980000)
 Metaspace       used 31048K, capacity 33070K, committed 33280K, reserved 1079296K
  class space    used 3923K, capacity 4296K, committed 4352K, reserved 1048576K
Event: 230.593 GC heap after
Heap after GC invocations=10 (full 1):
 PSYoungGen      total 91136K, used 11104K [0x000000076ab00000, 0x0000000772700000, 0x00000007c0000000)
  eden space 79872K, 0% used [0x000000076ab00000,0x000000076ab00000,0x000000076f900000)
  from space 11264K, 98% used [0x000000076fa80000,0x0000000770558000,0x0000000770580000)
  to   space 23552K, 0% used [0x0000000771000000,0x0000000771000000,0x0000000772700000)
 ParOldGen       total 124416K, used 34978K [0x00000006c0000000, 0x00000006c7980000, 0x000000076ab00000)
  object space 124416K, 28% used [0x00000006c0000000,0x00000006c2228858,0x00000006c7980000)
 Metaspace       used 31048K, capacity 33070K, committed 33280K, reserved 1079296K
  class space    used 3923K, capacity 4296K, committed 4352K, reserved 1048576K
}
Event: 280.688 GC heap before
{Heap before GC invocations=11 (full 1):
 PSYoungGen      total 91136K, used 90976K [0x000000076ab00000, 0x0000000772700000, 0x00000007c0000000)
  eden space 79872K, 100% used [0x000000076ab00000,0x000000076f900000,0x000000076f900000)
  from space 11264K, 98% used [0x000000076fa80000,0x0000000770558000,0x0000000770580000)
  to   space 23552K, 0% used [0x0000000771000000,0x0000000771000000,0x0000000772700000)
 ParOldGen       total 124416K, used 34978K [0x00000006c0000000, 0x00000006c7980000, 0x000000076ab00000)
  object space 124416K, 28% used [0x00000006c0000000,0x00000006c2228858,0x00000006c7980000)
 Metaspace       used 31094K, capacity 33134K, committed 33280K, reserved 1079296K
  class space    used 3924K, capacity 4296K, committed 4352K, reserved 1048576K
Event: 280.696 GC heap after
Heap after GC invocations=11 (full 1):
 PSYoungGen      total 99328K, used 11072K [0x000000076ab00000, 0x0000000772480000, 0x00000007c0000000)
  eden space 78336K, 0% used [0x000000076ab00000,0x000000076ab00000,0x000000076f780000)
  from space 20992K, 52% used [0x0000000771000000,0x0000000771ad0000,0x0000000772480000)
  to   space 23040K, 0% used [0x000000076f780000,0x000000076f780000,0x0000000770e00000)
 ParOldGen       total 124416K, used 34986K [0x00000006c0000000, 0x00000006c7980000, 0x000000076ab00000)
  object space 124416K, 28% used [0x00000006c0000000,0x00000006c222a858,0x00000006c7980000)
 Metaspace       used 31094K, capacity 33134K, committed 33280K, reserved 1079296K
  class space    used 3924K, capacity 4296K, committed 4352K, reserved 1048576K
}
Event: 324.817 GC heap before
{Heap before GC invocations=12 (full 1):
 PSYoungGen      total 99328K, used 89408K [0x000000076ab00000, 0x0000000772480000, 0x00000007c0000000)
  eden space 78336K, 100% used [0x000000076ab00000,0x000000076f780000,0x000000076f780000)
  from space 20992K, 52% used [0x0000000771000000,0x0000000771ad0000,0x0000000772480000)
  to   space 23040K, 0% used [0x000000076f780000,0x000000076f780000,0x0000000770e00000)
 ParOldGen       total 124416K, used 34986K [0x00000006c0000000, 0x00000006c7980000, 0x000000076ab00000)
  object space 124416K, 28% used [0x00000006c0000000,0x00000006c222a858,0x00000006c7980000)
 Metaspace       used 31096K, capacity 33134K, committed 33280K, reserved 1079296K
  class space    used 3924K, capacity 4296K, committed 4352K, reserved 1048576K
Event: 324.824 GC heap after
Heap after GC invocations=12 (full 1):
 PSYoungGen      total 88064K, used 11136K [0x000000076ab00000, 0x0000000772200000, 0x00000007c0000000)
  eden space 76800K, 0% used [0x000000076ab00000,0x000000076ab00000,0x000000076f600000)
  from space 11264K, 98% used [0x000000076f780000,0x0000000770260000,0x0000000770280000)
  to   space 22528K, 0% used [0x0000000770c00000,0x0000000770c00000,0x0000000772200000)
 ParOldGen       total 124416K, used 34994K [0x00000006c0000000, 0x00000006c7980000, 0x000000076ab00000)
  object space 124416K, 28% used [0x00000006c0000000,0x00000006c222c858,0x00000006c7980000)
 Metaspace       used 31096K, capacity 33134K, committed 33280K, reserved 1079296K
  class space    used 3924K, capacity 4296K, committed 4352K, reserved 1048576K
}
Event: 368.958 GC heap before
{Heap before GC invocations=13 (full 1):
 PSYoungGen      total 88064K, used 87936K [0x000000076ab00000, 0x0000000772200000, 0x00000007c0000000)
  eden space 76800K, 100% used [0x000000076ab00000,0x000000076f600000,0x000000076f600000)
  from space 11264K, 98% used [0x000000076f780000,0x0000000770260000,0x0000000770280000)
  to   space 22528K, 0% used [0x0000000770c00000,0x0000000770c00000,0x0000000772200000)
 ParOldGen       total 124416K, used 34994K [0x00000006c0000000, 0x00000006c7980000, 0x000000076ab00000)
  object space 124416K, 28% used [0x00000006c0000000,0x00000006c222c858,0x00000006c7980000)
 Metaspace       used 31100K, capacity 33134K, committed 33280K, reserved 1079296K
  class space    used 3924K, capacity 4296K, committed 4352K, reserved 1048576K
Event: 368.967 GC heap after
Heap after GC invocations=13 (full 1):
 PSYoungGen      total 94208K, used 11168K [0x000000076ab00000, 0x0000000771e80000, 0x00000007c0000000)
  eden space 75264K, 0% used [0x000000076ab00000,0x000000076ab00000,0x000000076f480000)
  from space 18944K, 58% used [0x0000000770c00000,0x00000007716e8000,0x0000000771e80000)
  to   space 21504K, 0% used [0x000000076f480000,0x000000076f480000,0x0000000770980000)
 ParOldGen       total 124416K, used 35002K [0x00000006c0000000, 0x00000006c7980000, 0x000000076ab00000)
  object space 124416K, 28% used [0x00000006c0000000,0x00000006c222e858,0x00000006c7980000)
 Metaspace       used 31100K, capacity 33134K, committed 33280K, reserved 1079296K
  class space    used 3924K, capacity 4296K, committed 4352K, reserved 1048576K
}
Event: 412.169 GC heap before
{Heap before GC invocations=14 (full 1):
 PSYoungGen      total 94208K, used 86432K [0x000000076ab00000, 0x0000000771e80000, 0x00000007c0000000)
  eden space 75264K, 100% used [0x000000076ab00000,0x000000076f480000,0x000000076f480000)
  from space 18944K, 58% used [0x0000000770c00000,0x00000007716e8000,0x0000000771e80000)
  to   space 21504K, 0% used [0x000000076f480000,0x000000076f480000,0x0000000770980000)
 ParOldGen       total 124416K, used 35002K [0x00000006c0000000, 0x00000006c7980000, 0x000000076ab00000)
  object space 124416K, 28% used [0x00000006c0000000,0x00000006c222e858,0x00000006c7980000)
 Metaspace       used 31112K, capacity 33134K, committed 33280K, reserved 1079296K
  class space    used 3924K, capacity 4296K, committed 4352K, reserved 1048576K
Event: 412.177 GC heap after
Heap after GC invocations=14 (full 1):
 PSYoungGen      total 85504K, used 11200K [0x000000076ab00000, 0x0000000771c80000, 0x00000007c0000000)
  eden space 74240K, 0% used [0x000000076ab00000,0x000000076ab00000,0x000000076f380000)
  from space 11264K, 99% used [0x000000076f480000,0x000000076ff70000,0x000000076ff80000)
  to   space 20992K, 0% used [0x0000000770800000,0x0000000770800000,0x0000000771c80000)
 ParOldGen       total 124416K, used 35010K [0x00000006c0000000, 0x00000006c7980000, 0x000000076ab00000)
  object space 124416K, 28% used [0x00000006c0000000,0x00000006c2230858,0x00000006c7980000)
 Metaspace       used 31112K, capacity 33134K, committed 33280K, reserved 1079296K
  class space    used 3924K, capacity 4296K, committed 4352K, reserved 1048576K
}

